<?xml version="1.0" encoding="UTF-8"?>
<!-- Generated by org.testng.reporters.JUnitXMLReporter -->
<testsuite ignored="0" hostname="LAPTOP-3TPIJJ25" failures="0" tests="6" name="Test" time="0.041" errors="0" timestamp="2020-11-18T10:06:20 IST">
  <testcase classname="qaclickacadamy.Mavenjava.AppiummTest" name="deleteTwitter" time="0.004"/>
  <testcase classname="qaclickacadamy.Mavenjava.AppiummTest" name="postjira" time="0.001"/>
  <testcase classname="qaclickacadamy.Mavenjava.SeliniumTest" name="IOSApps" time="0.0"/>
  <testcase classname="qaclickacadamy.Mavenjava.SeliniumTest" name="NativeAppAndroid" time="0.0"/>
  <testcase classname="qaclickacadamy.Mavenjava.RestApITest" name="BrowserAutomation" time="0.0"/>
  <testcase classname="qaclickacadamy.Mavenjava.RestApITest" name="ElementUI" time="0.001"/>
</testsuite> <!-- Test -->
