<?xml version="1.0" encoding="UTF-8"?>
<testng-results ignored="0" total="6" passed="6" failed="0" skipped="0">
  <reporter-output>
  </reporter-output>
  <suite started-at="2020-11-18T10:06:20 IST" name="Suite" finished-at="2020-11-18T10:06:20 IST" duration-ms="41">
    <groups>
    </groups>
    <test started-at="2020-11-18T10:06:20 IST" name="Test" finished-at="2020-11-18T10:06:20 IST" duration-ms="41">
      <class name="qaclickacadamy.Mavenjava.SeliniumTest">
        <test-method signature="IOSApps()[pri:0, instance:qaclickacadamy.Mavenjava.SeliniumTest@6aaceffd]" started-at="2020-11-18T10:06:20 IST" name="IOSApps" finished-at="2020-11-18T10:06:20 IST" duration-ms="0" status="PASS">
          <reporter-output>
          </reporter-output>
        </test-method> <!-- IOSApps -->
        <test-method signature="NativeAppAndroid()[pri:0, instance:qaclickacadamy.Mavenjava.SeliniumTest@6aaceffd]" started-at="2020-11-18T10:06:20 IST" name="NativeAppAndroid" finished-at="2020-11-18T10:06:20 IST" duration-ms="0" status="PASS">
          <reporter-output>
          </reporter-output>
        </test-method> <!-- NativeAppAndroid -->
      </class> <!-- qaclickacadamy.Mavenjava.SeliniumTest -->
      <class name="qaclickacadamy.Mavenjava.AppiummTest">
        <test-method signature="deleteTwitter()[pri:0, instance:qaclickacadamy.Mavenjava.AppiummTest@e4487af]" started-at="2020-11-18T10:06:20 IST" name="deleteTwitter" finished-at="2020-11-18T10:06:20 IST" duration-ms="4" status="PASS">
          <reporter-output>
          </reporter-output>
        </test-method> <!-- deleteTwitter -->
        <test-method signature="postjira()[pri:0, instance:qaclickacadamy.Mavenjava.AppiummTest@e4487af]" started-at="2020-11-18T10:06:20 IST" name="postjira" finished-at="2020-11-18T10:06:20 IST" duration-ms="1" status="PASS">
          <reporter-output>
          </reporter-output>
        </test-method> <!-- postjira -->
      </class> <!-- qaclickacadamy.Mavenjava.AppiummTest -->
      <class name="qaclickacadamy.Mavenjava.RestApITest">
        <test-method signature="BrowserAutomation()[pri:0, instance:qaclickacadamy.Mavenjava.RestApITest@c86b9e3]" started-at="2020-11-18T10:06:20 IST" name="BrowserAutomation" finished-at="2020-11-18T10:06:20 IST" duration-ms="0" status="PASS">
          <reporter-output>
          </reporter-output>
        </test-method> <!-- BrowserAutomation -->
        <test-method signature="ElementUI()[pri:0, instance:qaclickacadamy.Mavenjava.RestApITest@c86b9e3]" started-at="2020-11-18T10:06:20 IST" name="ElementUI" finished-at="2020-11-18T10:06:20 IST" duration-ms="1" status="PASS">
          <reporter-output>
          </reporter-output>
        </test-method> <!-- ElementUI -->
      </class> <!-- qaclickacadamy.Mavenjava.RestApITest -->
    </test> <!-- Test -->
  </suite> <!-- Suite -->
</testng-results>
